This is pdfTeX, Version 3.14159265-2.6-1.40.18 (TeX Live 2017/Debian) (preloaded format=pdflatex 2020.1.20)  11 MAY 2020 10:35
entering extended mode
 restricted \write18 enabled.
 %&-line parsing enabled.
**report.tex
(./report.tex
LaTeX2e <2017-04-15>
Babel <3.18> and hyphenation patterns for 5 language(s) loaded.
(/usr/share/texlive/texmf-dist/tex/latex/base/article.cls
Document Class: article 2014/09/29 v1.4h Standard LaTeX document class
(/usr/share/texlive/texmf-dist/tex/latex/base/size10.clo
File: size10.clo 2014/09/29 v1.4h Standard LaTeX file (size option)
)
\c@part=\count79
\c@section=\count80
\c@subsection=\count81
\c@subsubsection=\count82
\c@paragraph=\count83
\c@subparagraph=\count84
\c@figure=\count85
\c@table=\count86
\abovecaptionskip=\skip41
\belowcaptionskip=\skip42
\bibindent=\dimen102
)
(/usr/share/texlive/texmf-dist/tex/latex/listings/listings.sty
(/usr/share/texlive/texmf-dist/tex/latex/graphics/keyval.sty
Package: keyval 2014/10/28 v1.15 key=value parser (DPC)
\KV@toks@=\toks14
)
\lst@mode=\count87
\lst@gtempboxa=\box26
\lst@token=\toks15
\lst@length=\count88
\lst@currlwidth=\dimen103
\lst@column=\count89
\lst@pos=\count90
\lst@lostspace=\dimen104
\lst@width=\dimen105
\lst@newlines=\count91
\lst@lineno=\count92
\lst@maxwidth=\dimen106

(/usr/share/texlive/texmf-dist/tex/latex/listings/lstmisc.sty
File: lstmisc.sty 2015/06/04 1.6 (Carsten Heinz)
\c@lstnumber=\count93
\lst@skipnumbers=\count94
\lst@framebox=\box27
)
(/usr/share/texlive/texmf-dist/tex/latex/listings/listings.cfg
File: listings.cfg 2015/06/04 1.6 listings configuration
))
Package: listings 2015/06/04 1.6 (Carsten Heinz)

(/usr/share/texlive/texmf-dist/tex/latex/tabto-ltx/tabto.sty
Package: tabto 2013/03/25  v 1.3  Another tabbing mechanism
\CurrentLineWidth=\dimen107
)
(/usr/share/texlive/texmf-dist/tex/latex/graphics/graphicx.sty
Package: graphicx 2017/06/01 v1.1a Enhanced LaTeX Graphics (DPC,SPQR)

(/usr/share/texlive/texmf-dist/tex/latex/graphics/graphics.sty
Package: graphics 2017/06/25 v1.2c Standard LaTeX Graphics (DPC,SPQR)

(/usr/share/texlive/texmf-dist/tex/latex/graphics/trig.sty
Package: trig 2016/01/03 v1.10 sin cos tan (DPC)
)
(/usr/share/texlive/texmf-dist/tex/latex/graphics-cfg/graphics.cfg
File: graphics.cfg 2016/06/04 v1.11 sample graphics configuration
)
Package graphics Info: Driver file: pdftex.def on input line 99.

(/usr/share/texlive/texmf-dist/tex/latex/graphics-def/pdftex.def
File: pdftex.def 2018/01/08 v1.0l Graphics/color driver for pdftex
))
\Gin@req@height=\dimen108
\Gin@req@width=\dimen109
)
(/usr/share/texlive/texmf-dist/tex/latex/amsfonts/amssymb.sty
Package: amssymb 2013/01/14 v3.01 AMS font symbols

(/usr/share/texlive/texmf-dist/tex/latex/amsfonts/amsfonts.sty
Package: amsfonts 2013/01/14 v3.01 Basic AMSFonts support
\@emptytoks=\toks16
\symAMSa=\mathgroup4
\symAMSb=\mathgroup5
LaTeX Font Info:    Overwriting math alphabet `\mathfrak' in version `bold'
(Font)                  U/euf/m/n --> U/euf/b/n on input line 106.
))
(/usr/share/texlive/texmf-dist/tex/latex/listings/lstlang1.sty
File: lstlang1.sty 2015/06/04 1.6 listings language file
)
(/usr/share/texlive/texmf-dist/tex/latex/listings/lstlang1.sty
File: lstlang1.sty 2015/06/04 1.6 listings language file
)
(/usr/share/texlive/texmf-dist/tex/latex/listings/lstmisc.sty
File: lstmisc.sty 2015/06/04 1.6 (Carsten Heinz)
)
(/usr/share/texlive/texmf-dist/tex/latex/geometry/geometry.sty
Package: geometry 2010/09/12 v5.6 Page Geometry

(/usr/share/texlive/texmf-dist/tex/generic/oberdiek/ifpdf.sty
Package: ifpdf 2017/03/15 v3.2 Provides the ifpdf switch
)
(/usr/share/texlive/texmf-dist/tex/generic/oberdiek/ifvtex.sty
Package: ifvtex 2016/05/16 v1.6 Detect VTeX and its facilities (HO)
Package ifvtex Info: VTeX not detected.
)
(/usr/share/texlive/texmf-dist/tex/generic/ifxetex/ifxetex.sty
Package: ifxetex 2010/09/12 v0.6 Provides ifxetex conditional
)
\Gm@cnth=\count95
\Gm@cntv=\count96
\c@Gm@tempcnt=\count97
\Gm@bindingoffset=\dimen110
\Gm@wd@mp=\dimen111
\Gm@odd@mp=\dimen112
\Gm@even@mp=\dimen113
\Gm@layoutwidth=\dimen114
\Gm@layoutheight=\dimen115
\Gm@layouthoffset=\dimen116
\Gm@layoutvoffset=\dimen117
\Gm@dimlist=\toks17
) (./report.aux)
\openout1 = `report.aux'.

LaTeX Font Info:    Checking defaults for OML/cmm/m/it on input line 8.
LaTeX Font Info:    ... okay on input line 8.
LaTeX Font Info:    Checking defaults for T1/cmr/m/n on input line 8.
LaTeX Font Info:    ... okay on input line 8.
LaTeX Font Info:    Checking defaults for OT1/cmr/m/n on input line 8.
LaTeX Font Info:    ... okay on input line 8.
LaTeX Font Info:    Checking defaults for OMS/cmsy/m/n on input line 8.
LaTeX Font Info:    ... okay on input line 8.
LaTeX Font Info:    Checking defaults for OMX/cmex/m/n on input line 8.
LaTeX Font Info:    ... okay on input line 8.
LaTeX Font Info:    Checking defaults for U/cmr/m/n on input line 8.
LaTeX Font Info:    ... okay on input line 8.
\c@lstlisting=\count98
(/usr/share/texlive/texmf-dist/tex/context/base/mkii/supp-pdf.mkii
[Loading MPS to PDF converter (version 2006.09.02).]
\scratchcounter=\count99
\scratchdimen=\dimen118
\scratchbox=\box28
\nofMPsegments=\count100
\nofMParguments=\count101
\everyMPshowfont=\toks18
\MPscratchCnt=\count102
\MPscratchDim=\dimen119
\MPnumerator=\count103
\makeMPintoPDFobject=\count104
\everyMPtoPDFconversion=\toks19
) (/usr/share/texlive/texmf-dist/tex/latex/oberdiek/epstopdf-base.sty
Package: epstopdf-base 2016/05/15 v2.6 Base part for package epstopdf

(/usr/share/texlive/texmf-dist/tex/generic/oberdiek/infwarerr.sty
Package: infwarerr 2016/05/16 v1.4 Providing info/warning/error messages (HO)
)
(/usr/share/texlive/texmf-dist/tex/latex/oberdiek/grfext.sty
Package: grfext 2016/05/16 v1.2 Manage graphics extensions (HO)

(/usr/share/texlive/texmf-dist/tex/generic/oberdiek/kvdefinekeys.sty
Package: kvdefinekeys 2016/05/16 v1.4 Define keys (HO)

(/usr/share/texlive/texmf-dist/tex/generic/oberdiek/ltxcmds.sty
Package: ltxcmds 2016/05/16 v1.23 LaTeX kernel commands for general use (HO)
)))
(/usr/share/texlive/texmf-dist/tex/latex/oberdiek/kvoptions.sty
Package: kvoptions 2016/05/16 v3.12 Key value format for package options (HO)

(/usr/share/texlive/texmf-dist/tex/generic/oberdiek/kvsetkeys.sty
Package: kvsetkeys 2016/05/16 v1.17 Key value parser (HO)

(/usr/share/texlive/texmf-dist/tex/generic/oberdiek/etexcmds.sty
Package: etexcmds 2016/05/16 v1.6 Avoid name clashes with e-TeX commands (HO)

(/usr/share/texlive/texmf-dist/tex/generic/oberdiek/ifluatex.sty
Package: ifluatex 2016/05/16 v1.4 Provides the ifluatex switch (HO)
Package ifluatex Info: LuaTeX not detected.
)
Package etexcmds Info: Could not find \expanded.
(etexcmds)             That can mean that you are not using pdfTeX 1.50 or
(etexcmds)             that some package has redefined \expanded.
(etexcmds)             In the latter case, load this package earlier.
)))
(/usr/share/texlive/texmf-dist/tex/generic/oberdiek/pdftexcmds.sty
Package: pdftexcmds 2018/01/21 v0.26 Utility functions of pdfTeX for LuaTeX (HO
)
Package pdftexcmds Info: LuaTeX not detected.
Package pdftexcmds Info: \pdf@primitive is available.
Package pdftexcmds Info: \pdf@ifprimitive is available.
Package pdftexcmds Info: \pdfdraftmode found.
)
Package epstopdf-base Info: Redefining graphics rule for `.eps' on input line 4
38.
Package grfext Info: Graphics extension search list:
(grfext)             [.pdf,.png,.jpg,.mps,.jpeg,.jbig2,.jb2,.PDF,.PNG,.JPG,.JPE
G,.JBIG2,.JB2,.eps]
(grfext)             \AppendGraphicsExtensions on input line 456.

(/usr/share/texlive/texmf-dist/tex/latex/latexconfig/epstopdf-sys.cfg
File: epstopdf-sys.cfg 2010/07/13 v1.3 Configuration of (r)epstopdf for TeX Liv
e
))
*geometry* driver: auto-detecting
*geometry* detected driver: pdftex
*geometry* verbose mode - [ preamble ] result:
* driver: pdftex
* paper: <default>
* layout: <same size as paper>
* layoutoffset:(h,v)=(0.0pt,0.0pt)
* modes: 
* h-part:(L,W,R)=(54.2025pt, 505.89pt, 54.2025pt)
* v-part:(T,H,B)=(54.2025pt, 686.56499pt, 54.2025pt)
* \paperwidth=614.295pt
* \paperheight=794.96999pt
* \textwidth=505.89pt
* \textheight=686.56499pt
* \oddsidemargin=-18.06749pt
* \evensidemargin=-18.06749pt
* \topmargin=-55.06749pt
* \headheight=12.0pt
* \headsep=25.0pt
* \topskip=10.0pt
* \footskip=30.0pt
* \marginparwidth=65.0pt
* \marginparsep=11.0pt
* \columnsep=10.0pt
* \skip\footins=9.0pt plus 4.0pt minus 2.0pt
* \hoffset=0.0pt
* \voffset=0.0pt
* \mag=1000
* \@twocolumnfalse
* \@twosidefalse
* \@mparswitchfalse
* \@reversemarginfalse
* (1in=72.27pt=25.4mm, 1cm=28.453pt)

LaTeX Font Info:    Try loading font information for U+msa on input line 13.
(/usr/share/texlive/texmf-dist/tex/latex/amsfonts/umsa.fd
File: umsa.fd 2013/01/14 v3.01 AMS symbols A
)
LaTeX Font Info:    Try loading font information for U+msb on input line 13.

(/usr/share/texlive/texmf-dist/tex/latex/amsfonts/umsb.fd
File: umsb.fd 2013/01/14 v3.01 AMS symbols B
)
Underfull \hbox (badness 10000) in paragraph at lines 17--27

 []


Underfull \hbox (badness 10000) in paragraph at lines 17--27

 []


Underfull \hbox (badness 10000) in paragraph at lines 17--27

 []


Overfull \hbox (5.14224pt too wide) in paragraph at lines 28--37
 [] 
 []

<../sptree/visualization/chart_points_partition.png, id=1, 1339.1631pt x 703.90
98pt>
File: ../sptree/visualization/chart_points_partition.png Graphic file (type png
)
<use ../sptree/visualization/chart_points_partition.png>
Package pdftex.def Info: ../sptree/visualization/chart_points_partition.png  us
ed on input line 46.
(pdftex.def)             Requested size: 482.09836pt x 253.40733pt.

Underfull \hbox (badness 10000) in paragraph at lines 38--47

 []


Underfull \hbox (badness 10000) in paragraph at lines 38--47

 []

[1

{/var/lib/texmf/fonts/map/pdftex/updmap/pdftex.map} <../sptree/visualization/ch
art_points_partition.png>]
<../sptree/visualization/chart_cost_rou.png, id=15, 1339.1631pt x 703.9098pt>
File: ../sptree/visualization/chart_cost_rou.png Graphic file (type png)
<use ../sptree/visualization/chart_cost_rou.png>
Package pdftex.def Info: ../sptree/visualization/chart_cost_rou.png  used on in
put line 50.
(pdftex.def)             Requested size: 508.88727pt x 267.48851pt.
<../sptree/visualization/chart_accu_rou.png, id=16, 1339.1631pt x 703.9098pt>
File: ../sptree/visualization/chart_accu_rou.png Graphic file (type png)
<use ../sptree/visualization/chart_accu_rou.png>
Package pdftex.def Info: ../sptree/visualization/chart_accu_rou.png  used on in
put line 53.
(pdftex.def)             Requested size: 508.88727pt x 267.48851pt.

Overfull \hbox (2.99727pt too wide) in paragraph at lines 47--56
[] 
 []


Underfull \hbox (badness 10000) in paragraph at lines 47--56

 []


Overfull \hbox (2.99727pt too wide) in paragraph at lines 47--56
[]
 []


Underfull \hbox (badness 10000) in paragraph at lines 47--56

 []


Underfull \hbox (badness 10000) in paragraph at lines 47--56

 []

[2 <../sptree/visualization/chart_cost_rou.png> <../sptree/visualization/chart_
accu_rou.png>]
Underfull \hbox (badness 10000) in paragraph at lines 56--60

 []

LaTeX Font Info:    Try loading font information for OMS+cmr on input line 61.
(/usr/share/texlive/texmf-dist/tex/latex/base/omscmr.fd
File: omscmr.fd 2014/09/29 v2.5h Standard LaTeX font definitions
)
LaTeX Font Info:    Font shape `OMS/cmr/m/n' in size <9> not available
(Font)              Font shape `OMS/cmsy/m/n' tried instead on input line 61.
LaTeX Font Info:    Try loading font information for OML+cmr on input line 67.

(/usr/share/texlive/texmf-dist/tex/latex/base/omlcmr.fd
File: omlcmr.fd 2014/09/29 v2.5h Standard LaTeX font definitions
)
LaTeX Font Info:    Font shape `OML/cmr/m/n' in size <9> not available
(Font)              Font shape `OML/cmm/m/it' tried instead on input line 67.
<../batchtree/graphs/cpu_gpu_total.png, id=22, 1339.1631pt x 703.9098pt>
File: ../batchtree/graphs/cpu_gpu_total.png Graphic file (type png)
<use ../batchtree/graphs/cpu_gpu_total.png>
Package pdftex.def Info: ../batchtree/graphs/cpu_gpu_total.png  used on input l
ine 78.
(pdftex.def)             Requested size: 508.88727pt x 267.48851pt.

Overfull \hbox (2.99727pt too wide) in paragraph at lines 76--83
[] 
 []


Underfull \hbox (badness 10000) in paragraph at lines 76--83

 []


Underfull \hbox (badness 10000) in paragraph at lines 76--83

 []

[3 <../batchtree/graphs/cpu_gpu_total.png>]
Underfull \hbox (badness 10000) in paragraph at lines 83--87

 []


Underfull \hbox (badness 10000) in paragraph at lines 83--87

 []

<00.png, id=31, 1662.21pt x 966.61125pt>
File: 00.png Graphic file (type png)
<use 00.png>
Package pdftex.def Info: 00.png  used on input line 88.
(pdftex.def)             Requested size: 415.55148pt x 241.65222pt.

Underfull \hbox (badness 10000) in paragraph at lines 90--92

 []

<01.png, id=32, 1558.82375pt x 950.55125pt>
File: 01.png Graphic file (type png)
<use 01.png>
Package pdftex.def Info: 01.png  used on input line 93.
(pdftex.def)             Requested size: 389.70499pt x 237.63722pt.
[4 <./00.png> <./01.png>]
Missing character: There is no ‚ in font cmr10!
Missing character: There is no Ä in font cmr10!
Missing character: There is no ò in font cmr10!
Missing character: There is no ‚ in font cmr10!
Missing character: There is no Ä in font cmr10!
Missing character: There is no ô in font cmr10!
Missing character: There is no ‚ in font cmr10!
Missing character: There is no Ä in font cmr10!
Missing character: There is no ò in font cmr10!
Missing character: There is no ‚ in font cmr10!
Missing character: There is no Ä in font cmr10!
Missing character: There is no ô in font cmr10!
Missing character: There is no ‚ in font cmr10!
Missing character: There is no Ä in font cmr10!
Missing character: There is no ò in font cmr10!
Missing character: There is no ‚ in font cmr10!
Missing character: There is no Ä in font cmr10!
Missing character: There is no ô in font cmr10!
<../batchtree/graphs/cpu_gpu_batch.png, id=38, 1339.1631pt x 703.9098pt>
File: ../batchtree/graphs/cpu_gpu_batch.png Graphic file (type png)
<use ../batchtree/graphs/cpu_gpu_batch.png>
Package pdftex.def Info: ../batchtree/graphs/cpu_gpu_batch.png  used on input l
ine 111.
(pdftex.def)             Requested size: 508.88727pt x 267.48851pt.
<../batchtree/graphs/batch_time.png, id=39, 1339.1631pt x 703.9098pt>
File: ../batchtree/graphs/batch_time.png Graphic file (type png)
<use ../batchtree/graphs/batch_time.png>
Package pdftex.def Info: ../batchtree/graphs/batch_time.png  used on input line
 113.
(pdftex.def)             Requested size: 241.03896pt x 126.69829pt.
<../batchtree/graphs/batch_accu.png, id=40, 1339.1631pt x 703.9098pt>
File: ../batchtree/graphs/batch_accu.png Graphic file (type png)
<use ../batchtree/graphs/batch_accu.png>
Package pdftex.def Info: ../batchtree/graphs/batch_accu.png  used on input line
 114.
(pdftex.def)             Requested size: 241.03896pt x 126.69829pt.

Underfull \hbox (badness 10000) in paragraph at lines 95--118

 []


Underfull \hbox (badness 10000) in paragraph at lines 95--118

 []


Underfull \hbox (badness 10000) in paragraph at lines 95--118

 []


Underfull \hbox (badness 10000) in paragraph at lines 95--118

 []


Overfull \hbox (2.99727pt too wide) in paragraph at lines 95--118
[] 
 []


Underfull \hbox (badness 10000) in paragraph at lines 95--118

 []


Underfull \hbox (badness 10000) in paragraph at lines 95--118

 []


Underfull \hbox (badness 10000) in paragraph at lines 95--118

 []

[5 <../batchtree/graphs/cpu_gpu_batch.png> <../batchtree/graphs/batch_time.png>
 <../batchtree/graphs/batch_accu.png>]
Underfull \hbox (badness 10000) in paragraph at lines 118--129

 []


Underfull \hbox (badness 10000) in paragraph at lines 118--129

 []


Underfull \hbox (badness 10000) in paragraph at lines 118--129

 []


Underfull \hbox (badness 10000) in paragraph at lines 118--129

 []

Missing character: There is no ‚ in font cmr10!
Missing character: There is no Ä in font cmr10!
Missing character: There is no ú in font cmr10!
Missing character: There is no ‚ in font cmr10!
Missing character: There is no Ä in font cmr10!
Missing character: There is no ù in font cmr10!
Missing character: There is no ‚ in font cmr10!
Missing character: There is no Ä in font cmr10!
Missing character: There is no ú in font cmr10!
Missing character: There is no ‚ in font cmr10!
Missing character: There is no Ä in font cmr10!
Missing character: There is no ù in font cmr10!
Missing character: There is no ‚ in font cmr10!
Missing character: There is no Ä in font cmr10!
Missing character: There is no ú in font cmr10!
Missing character: There is no ‚ in font cmr10!
Missing character: There is no Ä in font cmr10!
Missing character: There is no ù in font cmr10!
Missing character: There is no ‚ in font cmr10!
Missing character: There is no Ä in font cmr10!
Missing character: There is no ú in font cmr10!
Missing character: There is no ‚ in font cmr10!
Missing character: There is no Ä in font cmr10!
Missing character: There is no ù in font cmr10!

Underfull \hbox (badness 10000) in paragraph at lines 144--165

 []


Underfull \hbox (badness 10000) in paragraph at lines 144--165

 []


Underfull \hbox (badness 10000) in paragraph at lines 144--165

 []


Underfull \hbox (badness 10000) in paragraph at lines 144--165

 []


Underfull \hbox (badness 10000) in paragraph at lines 144--165

 []


Underfull \hbox (badness 10000) in paragraph at lines 144--165

 []


Underfull \hbox (badness 10000) in paragraph at lines 144--165

 []

[6] (./report.aux) ) 
Here is how much of TeX's memory you used:
 3699 strings out of 494880
 53455 string characters out of 6179601
 145252 words of memory out of 5000000
 6959 multiletter control sequences out of 15000+600000
 9969 words of font info for 39 fonts, out of 8000000 for 9000
 36 hyphenation exceptions out of 8191
 41i,7n,58p,700b,1226s stack positions out of 5000i,500n,10000p,200000b,80000s
</usr/share/texlive/texmf-dist/fonts/type1/public/amsfonts/
cm/cmbx10.pfb></usr/share/texlive/texmf-dist/fonts/type1/public/amsfonts/cm/cmb
x12.pfb></usr/share/texlive/texmf-dist/fonts/type1/public/amsfonts/cm/cmbx9.pfb
></usr/share/texlive/texmf-dist/fonts/type1/public/amsfonts/cm/cmmi10.pfb></usr
/share/texlive/texmf-dist/fonts/type1/public/amsfonts/cm/cmmi9.pfb></usr/share/
texlive/texmf-dist/fonts/type1/public/amsfonts/cm/cmr10.pfb></usr/share/texlive
/texmf-dist/fonts/type1/public/amsfonts/cm/cmr7.pfb></usr/share/texlive/texmf-d
ist/fonts/type1/public/amsfonts/cm/cmr9.pfb></usr/share/texlive/texmf-dist/font
s/type1/public/amsfonts/cm/cmsy10.pfb></usr/share/texlive/texmf-dist/fonts/type
1/public/amsfonts/cm/cmsy9.pfb>
Output written on report.pdf (6 pages, 667777 bytes).
PDF statistics:
 82 PDF objects out of 1000 (max. 8388607)
 45 compressed objects within 1 object stream
 0 named destinations out of 1000 (max. 500000)
 46 words of extra memory for PDF output out of 10000 (max. 10000000)

